EDA Netlist Writer report for PeripheralBridge
Tue May 01 16:29:55 2018
Quartus Prime Version 17.0.2 Build 602 07/19/2017 SJ Standard Edition


---------------------
; Table of Contents ;
---------------------
  1. Legal Notice
  2. EDA Netlist Writer Summary
  3. Simulation Settings
  4. Simulation Generated Files
  5. EDA Netlist Writer Messages



----------------
; Legal Notice ;
----------------
Copyright (C) 2017  Intel Corporation. All rights reserved.
Your use of Intel Corporation's design tools, logic functions 
and other software and tools, and its AMPP partner logic 
functions, and any output files from any of the foregoing 
(including device programming or simulation files), and any 
associated documentation or information are expressly subject 
to the terms and conditions of the Intel Program License 
Subscription Agreement, the Intel Quartus Prime License Agreement,
the Intel MegaCore Function License Agreement, or other 
applicable license agreement, including, without limitation, 
that your use is for the sole purpose of programming logic 
devices manufactured by Intel and sold by Intel or its 
authorized distributors.  Please refer to the applicable 
agreement for further details.



+-------------------------------------------------------------------+
; EDA Netlist Writer Summary                                        ;
+---------------------------+---------------------------------------+
; EDA Netlist Writer Status ; Successful - Tue May 01 16:29:55 2018 ;
; Revision Name             ; PeripheralBridge                      ;
; Top-level Entity Name     ; PeripheralBridge                      ;
; Family                    ; MAX II                                ;
; Simulation Files Creation ; Successful                            ;
+---------------------------+---------------------------------------+


+----------------------------------------------------------------------------------------------------------------------------+
; Simulation Settings                                                                                                        ;
+---------------------------------------------------------------------------------------------------+------------------------+
; Option                                                                                            ; Setting                ;
+---------------------------------------------------------------------------------------------------+------------------------+
; Tool Name                                                                                         ; ModelSim-Altera (VHDL) ;
; Generate functional simulation netlist                                                            ; Off                    ;
; Time scale                                                                                        ; 1 ps                   ;
; Truncate long hierarchy paths                                                                     ; Off                    ;
; Map illegal HDL characters                                                                        ; Off                    ;
; Flatten buses into individual nodes                                                               ; Off                    ;
; Maintain hierarchy                                                                                ; Off                    ;
; Bring out device-wide set/reset signals as ports                                                  ; Off                    ;
; Enable glitch filtering                                                                           ; Off                    ;
; Do not write top level VHDL entity                                                                ; Off                    ;
; Disable detection of setup and hold time violations in the input registers of bi-directional pins ; Off                    ;
; Architecture name in VHDL output netlist                                                          ; structure              ;
; Generate third-party EDA tool command script for RTL functional simulation                        ; Off                    ;
; Generate third-party EDA tool command script for gate-level simulation                            ; Off                    ;
+---------------------------------------------------------------------------------------------------+------------------------+


+------------------------------------------------------------------------------------------------------------------------------+
; Simulation Generated Files                                                                                                   ;
+------------------------------------------------------------------------------------------------------------------------------+
; Generated Files                                                                                                              ;
+------------------------------------------------------------------------------------------------------------------------------+
; F:/WorkDir/EleProjects/SaltyProject/PeripheralBridge_NotEnoughSalt_ADS8363/simulation/modelsim/PeripheralBridge.vho          ;
; F:/WorkDir/EleProjects/SaltyProject/PeripheralBridge_NotEnoughSalt_ADS8363/simulation/modelsim/PeripheralBridge_fast.vho     ;
; F:/WorkDir/EleProjects/SaltyProject/PeripheralBridge_NotEnoughSalt_ADS8363/simulation/modelsim/PeripheralBridge_vhd.sdo      ;
; F:/WorkDir/EleProjects/SaltyProject/PeripheralBridge_NotEnoughSalt_ADS8363/simulation/modelsim/PeripheralBridge_vhd_fast.sdo ;
+------------------------------------------------------------------------------------------------------------------------------+


+-----------------------------+
; EDA Netlist Writer Messages ;
+-----------------------------+
Info: *******************************************************************
Info: Running Quartus Prime EDA Netlist Writer
    Info: Version 17.0.2 Build 602 07/19/2017 SJ Standard Edition
    Info: Processing started: Tue May 01 16:29:54 2018
Info: Command: quartus_eda --read_settings_files=off --write_settings_files=off PeripheralBridge -c PeripheralBridge
Info (204026): Generated files "PeripheralBridge.vho", "PeripheralBridge_fast.vho", "PeripheralBridge_vhd.sdo" and "PeripheralBridge_vhd_fast.sdo" in directory "F:/WorkDir/EleProjects/SaltyProject/PeripheralBridge_NotEnoughSalt_ADS8363/simulation/modelsim/" for EDA simulation tool
Info: Quartus Prime EDA Netlist Writer was successful. 0 errors, 0 warnings
    Info: Peak virtual memory: 485 megabytes
    Info: Processing ended: Tue May 01 16:29:55 2018
    Info: Elapsed time: 00:00:01
    Info: Total CPU time (on all processors): 00:00:01


